  [1m[35m (2.0ms)[0m  [1m[35mCREATE TABLE "schema_migrations" ("version" varchar NOT NULL PRIMARY KEY)[0m
  [1m[35m (1.9ms)[0m  [1m[35mCREATE TABLE "ar_internal_metadata" ("key" varchar NOT NULL PRIMARY KEY, "value" varchar, "created_at" datetime NOT NULL, "updated_at" datetime NOT NULL)[0m
  [1m[36mActiveRecord::SchemaMigration Load (0.1ms)[0m  [1m[34mSELECT "schema_migrations".* FROM "schema_migrations"[0m
Migrating to DeviseCreateUsers (20161216205446)
  [1m[35m (0.1ms)[0m  [1m[36mbegin transaction[0m
  [1m[35m (0.5ms)[0m  [1m[35mCREATE TABLE "users" ("id" INTEGER PRIMARY KEY AUTOINCREMENT NOT NULL, "email" varchar DEFAULT '' NOT NULL, "encrypted_password" varchar DEFAULT '' NOT NULL, "reset_password_token" varchar, "reset_password_sent_at" datetime, "remember_created_at" datetime, "sign_in_count" integer DEFAULT 0 NOT NULL, "current_sign_in_at" datetime, "last_sign_in_at" datetime, "current_sign_in_ip" varchar, "last_sign_in_ip" varchar, "created_at" datetime NOT NULL, "updated_at" datetime NOT NULL)[0m
  [1m[35m (0.1ms)[0m  [1m[34mselect sqlite_version(*)[0m
  [1m[35m (0.1ms)[0m  [1m[35mCREATE UNIQUE INDEX "index_users_on_email" ON "users" ("email")[0m
  [1m[35m (0.1ms)[0m  [1m[34m            SELECT sql
            FROM sqlite_master
            WHERE name='index_users_on_email' AND type='index'
            UNION ALL
            SELECT sql
            FROM sqlite_temp_master
            WHERE name='index_users_on_email' AND type='index'
[0m
  [1m[35m (0.1ms)[0m  [1m[35mCREATE UNIQUE INDEX "index_users_on_reset_password_token" ON "users" ("reset_password_token")[0m
  [1m[35mSQL (0.2ms)[0m  [1m[32mINSERT INTO "schema_migrations" ("version") VALUES (?)[0m  [["version", "20161216205446"]]
  [1m[35m (1.7ms)[0m  [1m[36mcommit transaction[0m
Migrating to CreateBoats (20161216205608)
  [1m[35m (0.1ms)[0m  [1m[36mbegin transaction[0m
  [1m[35m (0.3ms)[0m  [1m[35mCREATE TABLE "boats" ("id" INTEGER PRIMARY KEY AUTOINCREMENT NOT NULL, "created_at" datetime NOT NULL, "updated_at" datetime NOT NULL)[0m
  [1m[35mSQL (0.1ms)[0m  [1m[32mINSERT INTO "schema_migrations" ("version") VALUES (?)[0m  [["version", "20161216205608"]]
  [1m[35m (1.3ms)[0m  [1m[36mcommit transaction[0m
Migrating to DeviseCreateViews (20161216205655)
  [1m[35m (0.1ms)[0m  [1m[36mbegin transaction[0m
  [1m[35m (0.3ms)[0m  [1m[35mCREATE TABLE "views" ("id" INTEGER PRIMARY KEY AUTOINCREMENT NOT NULL, "email" varchar DEFAULT '' NOT NULL, "encrypted_password" varchar DEFAULT '' NOT NULL, "reset_password_token" varchar, "reset_password_sent_at" datetime, "remember_created_at" datetime, "sign_in_count" integer DEFAULT 0 NOT NULL, "current_sign_in_at" datetime, "last_sign_in_at" datetime, "current_sign_in_ip" varchar, "last_sign_in_ip" varchar, "users" varchar, "created_at" datetime NOT NULL, "updated_at" datetime NOT NULL)[0m
  [1m[35m (0.1ms)[0m  [1m[35mCREATE UNIQUE INDEX "index_views_on_email" ON "views" ("email")[0m
  [1m[35m (0.1ms)[0m  [1m[34m            SELECT sql
            FROM sqlite_master
            WHERE name='index_views_on_email' AND type='index'
            UNION ALL
            SELECT sql
            FROM sqlite_temp_master
            WHERE name='index_views_on_email' AND type='index'
[0m
  [1m[35m (0.1ms)[0m  [1m[35mCREATE UNIQUE INDEX "index_views_on_reset_password_token" ON "views" ("reset_password_token")[0m
  [1m[35mSQL (0.1ms)[0m  [1m[32mINSERT INTO "schema_migrations" ("version") VALUES (?)[0m  [["version", "20161216205655"]]
  [1m[35m (1.8ms)[0m  [1m[36mcommit transaction[0m
  [1m[36mActiveRecord::InternalMetadata Load (0.1ms)[0m  [1m[34mSELECT  "ar_internal_metadata".* FROM "ar_internal_metadata" WHERE "ar_internal_metadata"."key" = ? LIMIT ?[0m  [["key", :environment], ["LIMIT", 1]]
  [1m[35m (0.1ms)[0m  [1m[36mbegin transaction[0m
  [1m[35mSQL (0.3ms)[0m  [1m[32mINSERT INTO "ar_internal_metadata" ("key", "value", "created_at", "updated_at") VALUES (?, ?, ?, ?)[0m  [["key", "environment"], ["value", "development"], ["created_at", 2016-12-16 21:06:34 UTC], ["updated_at", 2016-12-16 21:06:34 UTC]]
  [1m[35m (5.1ms)[0m  [1m[36mcommit transaction[0m
  [1m[36mActiveRecord::SchemaMigration Load (0.2ms)[0m  [1m[34mSELECT "schema_migrations".* FROM "schema_migrations"[0m
  [1m[35m (0.1ms)[0m  [1m[34m            SELECT sql
            FROM sqlite_master
            WHERE name='index_users_on_reset_password_token' AND type='index'
            UNION ALL
            SELECT sql
            FROM sqlite_temp_master
            WHERE name='index_users_on_reset_password_token' AND type='index'
[0m
  [1m[35m (0.1ms)[0m  [1m[34m            SELECT sql
            FROM sqlite_master
            WHERE name='index_users_on_email' AND type='index'
            UNION ALL
            SELECT sql
            FROM sqlite_temp_master
            WHERE name='index_users_on_email' AND type='index'
[0m
  [1m[35m (0.1ms)[0m  [1m[34m            SELECT sql
            FROM sqlite_master
            WHERE name='index_views_on_reset_password_token' AND type='index'
            UNION ALL
            SELECT sql
            FROM sqlite_temp_master
            WHERE name='index_views_on_reset_password_token' AND type='index'
[0m
  [1m[35m (0.1ms)[0m  [1m[34m            SELECT sql
            FROM sqlite_master
            WHERE name='index_views_on_email' AND type='index'
            UNION ALL
            SELECT sql
            FROM sqlite_temp_master
            WHERE name='index_views_on_email' AND type='index'
[0m
  [1m[36mActiveRecord::SchemaMigration Load (0.2ms)[0m  [1m[34mSELECT "schema_migrations".* FROM "schema_migrations"[0m
Migrating to AddNames (20161216211130)
  [1m[36mActiveRecord::SchemaMigration Load (0.2ms)[0m  [1m[34mSELECT "schema_migrations".* FROM "schema_migrations"[0m
Migrating to AddNames (20161216211130)
  [1m[35m (0.1ms)[0m  [1m[36mbegin transaction[0m
  [1m[35m (0.5ms)[0m  [1m[35mALTER TABLE "users" ADD "fname" varchar[0m
  [1m[35m (0.3ms)[0m  [1m[35mALTER TABLE "users" ADD "lname" varchar[0m
  [1m[35mSQL (0.2ms)[0m  [1m[32mINSERT INTO "schema_migrations" ("version") VALUES (?)[0m  [["version", "20161216211130"]]
  [1m[35m (1.6ms)[0m  [1m[36mcommit transaction[0m
  [1m[36mActiveRecord::InternalMetadata Load (0.3ms)[0m  [1m[34mSELECT  "ar_internal_metadata".* FROM "ar_internal_metadata" WHERE "ar_internal_metadata"."key" = ? LIMIT ?[0m  [["key", :environment], ["LIMIT", 1]]
  [1m[35m (0.1ms)[0m  [1m[36mbegin transaction[0m
  [1m[35m (0.1ms)[0m  [1m[36mcommit transaction[0m
  [1m[36mActiveRecord::SchemaMigration Load (0.1ms)[0m  [1m[34mSELECT "schema_migrations".* FROM "schema_migrations"[0m
  [1m[35m (0.1ms)[0m  [1m[34m            SELECT sql
            FROM sqlite_master
            WHERE name='index_users_on_reset_password_token' AND type='index'
            UNION ALL
            SELECT sql
            FROM sqlite_temp_master
            WHERE name='index_users_on_reset_password_token' AND type='index'
[0m
  [1m[35m (0.1ms)[0m  [1m[34m            SELECT sql
            FROM sqlite_master
            WHERE name='index_users_on_email' AND type='index'
            UNION ALL
            SELECT sql
            FROM sqlite_temp_master
            WHERE name='index_users_on_email' AND type='index'
[0m
  [1m[35m (0.5ms)[0m  [1m[34m            SELECT sql
            FROM sqlite_master
            WHERE name='index_views_on_reset_password_token' AND type='index'
            UNION ALL
            SELECT sql
            FROM sqlite_temp_master
            WHERE name='index_views_on_reset_password_token' AND type='index'
[0m
  [1m[35m (0.1ms)[0m  [1m[34m            SELECT sql
            FROM sqlite_master
            WHERE name='index_views_on_email' AND type='index'
            UNION ALL
            SELECT sql
            FROM sqlite_temp_master
            WHERE name='index_views_on_email' AND type='index'
[0m
Started GET "/" for ::1 at 2016-12-16 14:20:12 -0700
  [1m[36mActiveRecord::SchemaMigration Load (0.1ms)[0m  [1m[34mSELECT "schema_migrations".* FROM "schema_migrations"[0m
Processing by HomeController#index as HTML
  Rendering home/index.html.erb within layouts/application
  Rendered home/index.html.erb within layouts/application (2.5ms)
Completed 200 OK in 972ms (Views: 958.9ms | ActiveRecord: 0.0ms)


Started GET "/users/sign_in" for ::1 at 2016-12-16 14:20:17 -0700
Processing by Users::SessionsController#new as HTML
  Rendering users/sessions/new.html.erb within layouts/application
  Rendered users/shared/_links.html.erb (1.3ms)
  Rendered users/sessions/new.html.erb within layouts/application (44.0ms)
Completed 200 OK in 93ms (Views: 72.6ms | ActiveRecord: 1.2ms)


Started GET "/users/sign_up" for ::1 at 2016-12-16 14:20:19 -0700
Processing by Devise::RegistrationsController#new as HTML
  Rendering /Users/bradflint/.rvm/gems/ruby-2.3.3/gems/devise-4.2.0/app/views/devise/registrations/new.html.erb within layouts/application
  Rendered /Users/bradflint/.rvm/gems/ruby-2.3.3/gems/devise-4.2.0/app/views/devise/shared/_links.html.erb (3.2ms)
  Rendered /Users/bradflint/.rvm/gems/ruby-2.3.3/gems/devise-4.2.0/app/views/devise/registrations/new.html.erb within layouts/application (13.0ms)
Completed 200 OK in 53ms (Views: 49.5ms | ActiveRecord: 0.0ms)


Started GET "/users/sign_up" for ::1 at 2016-12-16 14:20:23 -0700
Processing by Devise::RegistrationsController#new as HTML
  Rendering /Users/bradflint/.rvm/gems/ruby-2.3.3/gems/devise-4.2.0/app/views/devise/registrations/new.html.erb within layouts/application
  Rendered /Users/bradflint/.rvm/gems/ruby-2.3.3/gems/devise-4.2.0/app/views/devise/shared/_links.html.erb (1.1ms)
  Rendered /Users/bradflint/.rvm/gems/ruby-2.3.3/gems/devise-4.2.0/app/views/devise/registrations/new.html.erb within layouts/application (8.9ms)
Completed 200 OK in 76ms (Views: 73.0ms | ActiveRecord: 0.0ms)


Started GET "/users/sign_up" for ::1 at 2016-12-16 14:20:31 -0700
Processing by Devise::RegistrationsController#new as HTML
  Rendering /Users/bradflint/.rvm/gems/ruby-2.3.3/gems/devise-4.2.0/app/views/devise/registrations/new.html.erb within layouts/application
  Rendered /Users/bradflint/.rvm/gems/ruby-2.3.3/gems/devise-4.2.0/app/views/devise/shared/_links.html.erb (1.2ms)
  Rendered /Users/bradflint/.rvm/gems/ruby-2.3.3/gems/devise-4.2.0/app/views/devise/registrations/new.html.erb within layouts/application (7.3ms)
Completed 200 OK in 54ms (Views: 51.6ms | ActiveRecord: 0.0ms)


Started GET "/users/sign_up" for ::1 at 2016-12-16 14:20:32 -0700
Processing by Devise::RegistrationsController#new as HTML
  Rendering /Users/bradflint/.rvm/gems/ruby-2.3.3/gems/devise-4.2.0/app/views/devise/registrations/new.html.erb within layouts/application
  Rendered /Users/bradflint/.rvm/gems/ruby-2.3.3/gems/devise-4.2.0/app/views/devise/shared/_links.html.erb (1.6ms)
  Rendered /Users/bradflint/.rvm/gems/ruby-2.3.3/gems/devise-4.2.0/app/views/devise/registrations/new.html.erb within layouts/application (7.5ms)
Completed 200 OK in 50ms (Views: 46.9ms | ActiveRecord: 0.0ms)


Started GET "/users/sign_up" for ::1 at 2016-12-16 14:20:33 -0700
Processing by Devise::RegistrationsController#new as HTML
  Rendering /Users/bradflint/.rvm/gems/ruby-2.3.3/gems/devise-4.2.0/app/views/devise/registrations/new.html.erb within layouts/application
  Rendered /Users/bradflint/.rvm/gems/ruby-2.3.3/gems/devise-4.2.0/app/views/devise/shared/_links.html.erb (1.1ms)
  Rendered /Users/bradflint/.rvm/gems/ruby-2.3.3/gems/devise-4.2.0/app/views/devise/registrations/new.html.erb within layouts/application (9.4ms)
Completed 200 OK in 54ms (Views: 51.5ms | ActiveRecord: 0.0ms)


Started GET "/users/sign_up" for ::1 at 2016-12-16 14:20:33 -0700
Processing by Devise::RegistrationsController#new as HTML
  Rendering /Users/bradflint/.rvm/gems/ruby-2.3.3/gems/devise-4.2.0/app/views/devise/registrations/new.html.erb within layouts/application
  Rendered /Users/bradflint/.rvm/gems/ruby-2.3.3/gems/devise-4.2.0/app/views/devise/shared/_links.html.erb (1.9ms)
  Rendered /Users/bradflint/.rvm/gems/ruby-2.3.3/gems/devise-4.2.0/app/views/devise/registrations/new.html.erb within layouts/application (11.0ms)
Completed 200 OK in 61ms (Views: 58.4ms | ActiveRecord: 0.0ms)


Started GET "/users/sign_up" for ::1 at 2016-12-16 14:20:34 -0700
Processing by Devise::RegistrationsController#new as HTML
  Rendering /Users/bradflint/.rvm/gems/ruby-2.3.3/gems/devise-4.2.0/app/views/devise/registrations/new.html.erb within layouts/application
  Rendered /Users/bradflint/.rvm/gems/ruby-2.3.3/gems/devise-4.2.0/app/views/devise/shared/_links.html.erb (2.1ms)
  Rendered /Users/bradflint/.rvm/gems/ruby-2.3.3/gems/devise-4.2.0/app/views/devise/registrations/new.html.erb within layouts/application (9.5ms)
Completed 200 OK in 57ms (Views: 54.7ms | ActiveRecord: 0.0ms)


Started GET "/users/sign_in" for ::1 at 2016-12-16 14:20:37 -0700
Processing by Users::SessionsController#new as HTML
  Rendering users/sessions/new.html.erb within layouts/application
  Rendered users/shared/_links.html.erb (1.4ms)
  Rendered users/sessions/new.html.erb within layouts/application (6.0ms)
Completed 200 OK in 55ms (Views: 51.4ms | ActiveRecord: 0.0ms)


Started GET "/users/sign_in" for ::1 at 2016-12-16 14:24:12 -0700
Processing by Users::SessionsController#new as HTML
  Rendering users/sessions/new.html.erb within layouts/application
  Rendered users/shared/_links.html.erb (1.2ms)
  Rendered users/sessions/new.html.erb within layouts/application (5.9ms)
Completed 200 OK in 57ms (Views: 41.3ms | ActiveRecord: 0.8ms)


Started GET "/users/sign_in" for ::1 at 2016-12-16 14:25:41 -0700
Processing by Users::SessionsController#new as HTML
  Rendering users/sessions/new.html.erb within layouts/application
  Rendered users/shared/_links.html.erb (1.0ms)
  Rendered users/sessions/new.html.erb within layouts/application (4.8ms)
Completed 200 OK in 32ms (Views: 30.6ms | ActiveRecord: 0.0ms)


Started GET "/users/sign_in" for ::1 at 2016-12-16 14:25:43 -0700
Processing by Users::SessionsController#new as HTML
  Rendering users/sessions/new.html.erb within layouts/application
  Rendered users/shared/_links.html.erb (1.0ms)
  Rendered users/sessions/new.html.erb within layouts/application (4.8ms)
Completed 200 OK in 38ms (Views: 36.4ms | ActiveRecord: 0.0ms)


Started GET "/users/sign_up" for ::1 at 2016-12-16 14:25:45 -0700
Processing by Devise::RegistrationsController#new as HTML
  Rendering /Users/bradflint/.rvm/gems/ruby-2.3.3/gems/devise-4.2.0/app/views/devise/registrations/new.html.erb within layouts/application
  Rendered /Users/bradflint/.rvm/gems/ruby-2.3.3/gems/devise-4.2.0/app/views/devise/shared/_links.html.erb (1.8ms)
  Rendered /Users/bradflint/.rvm/gems/ruby-2.3.3/gems/devise-4.2.0/app/views/devise/registrations/new.html.erb within layouts/application (9.1ms)
Completed 200 OK in 44ms (Views: 42.1ms | ActiveRecord: 0.0ms)


Started GET "/users/sign_in" for ::1 at 2016-12-16 14:29:23 -0700
Processing by Users::SessionsController#new as HTML
  Rendering users/sessions/new.html.erb within layouts/application
  Rendered users/shared/_links.html.erb (1.2ms)
  Rendered users/sessions/new.html.erb within layouts/application (5.1ms)
Completed 200 OK in 52ms (Views: 34.9ms | ActiveRecord: 1.1ms)


Started GET "/users/sign_up" for ::1 at 2016-12-16 14:29:27 -0700
Processing by Users::RegistrationsController#new as HTML
  Rendering users/registrations/new.html.erb within layouts/application
  Rendered users/registrations/new.html.erb within layouts/application (1.8ms)
Completed 500 Internal Server Error in 16ms (ActiveRecord: 0.0ms)


  
SyntaxError (/Users/bradflint/Desktop/masterfolder/shippedtwo/app/views/users/registrations/new.html.erb:7: syntax error, unexpected tCONSTANT, expecting ')'
...er.append=( f.label :First Name );@output_buffer.safe_append...
...                               ^
/Users/bradflint/Desktop/masterfolder/shippedtwo/app/views/users/registrations/new.html.erb:12: syntax error, unexpected tCONSTANT, expecting ')'
...fer.append=( f.label :Last Name );@output_buffer.safe_append...
...                               ^):
  
app/views/users/registrations/new.html.erb:7: syntax error, unexpected tCONSTANT, expecting ')'
app/views/users/registrations/new.html.erb:12: syntax error, unexpected tCONSTANT, expecting ')'
  Rendering /Users/bradflint/.rvm/gems/ruby-2.3.3/gems/actionpack-5.0.0.1/lib/action_dispatch/middleware/templates/rescues/diagnostics.html.erb within rescues/layout
  Rendering /Users/bradflint/.rvm/gems/ruby-2.3.3/gems/actionpack-5.0.0.1/lib/action_dispatch/middleware/templates/rescues/_source.html.erb
  Rendered /Users/bradflint/.rvm/gems/ruby-2.3.3/gems/actionpack-5.0.0.1/lib/action_dispatch/middleware/templates/rescues/_source.html.erb (4.6ms)
  Rendering /Users/bradflint/.rvm/gems/ruby-2.3.3/gems/actionpack-5.0.0.1/lib/action_dispatch/middleware/templates/rescues/_trace.html.erb
  Rendered /Users/bradflint/.rvm/gems/ruby-2.3.3/gems/actionpack-5.0.0.1/lib/action_dispatch/middleware/templates/rescues/_trace.html.erb (2.1ms)
  Rendering /Users/bradflint/.rvm/gems/ruby-2.3.3/gems/actionpack-5.0.0.1/lib/action_dispatch/middleware/templates/rescues/_request_and_response.html.erb
  Rendered /Users/bradflint/.rvm/gems/ruby-2.3.3/gems/actionpack-5.0.0.1/lib/action_dispatch/middleware/templates/rescues/_request_and_response.html.erb (0.9ms)
  Rendered /Users/bradflint/.rvm/gems/ruby-2.3.3/gems/actionpack-5.0.0.1/lib/action_dispatch/middleware/templates/rescues/diagnostics.html.erb within rescues/layout (68.8ms)
Started GET "/users/sign_up" for ::1 at 2016-12-16 14:31:42 -0700
Processing by Users::RegistrationsController#new as HTML
  Rendering users/registrations/new.html.erb within layouts/application
  Rendered users/registrations/new.html.erb within layouts/application (1.2ms)
Completed 500 Internal Server Error in 11ms (ActiveRecord: 0.0ms)


  
SyntaxError (/Users/bradflint/Desktop/masterfolder/shippedtwo/app/views/users/registrations/new.html.erb:7: syntax error, unexpected tSTRING_BEG, expecting ')'
...uffer.append=( f.label :fname "First Name" );@output_buffer....
...                               ^
/Users/bradflint/Desktop/masterfolder/shippedtwo/app/views/users/registrations/new.html.erb:12: syntax error, unexpected tSTRING_BEG, expecting ')'
...uffer.append=( f.label :lname "Last Name" );@output_buffer.s...
...                               ^):
  
app/views/users/registrations/new.html.erb:7: syntax error, unexpected tSTRING_BEG, expecting ')'
app/views/users/registrations/new.html.erb:12: syntax error, unexpected tSTRING_BEG, expecting ')'
  Rendering /Users/bradflint/.rvm/gems/ruby-2.3.3/gems/actionpack-5.0.0.1/lib/action_dispatch/middleware/templates/rescues/diagnostics.html.erb within rescues/layout
  Rendering /Users/bradflint/.rvm/gems/ruby-2.3.3/gems/actionpack-5.0.0.1/lib/action_dispatch/middleware/templates/rescues/_source.html.erb
  Rendered /Users/bradflint/.rvm/gems/ruby-2.3.3/gems/actionpack-5.0.0.1/lib/action_dispatch/middleware/templates/rescues/_source.html.erb (6.5ms)
  Rendering /Users/bradflint/.rvm/gems/ruby-2.3.3/gems/actionpack-5.0.0.1/lib/action_dispatch/middleware/templates/rescues/_trace.html.erb
  Rendered /Users/bradflint/.rvm/gems/ruby-2.3.3/gems/actionpack-5.0.0.1/lib/action_dispatch/middleware/templates/rescues/_trace.html.erb (2.1ms)
  Rendering /Users/bradflint/.rvm/gems/ruby-2.3.3/gems/actionpack-5.0.0.1/lib/action_dispatch/middleware/templates/rescues/_request_and_response.html.erb
  Rendered /Users/bradflint/.rvm/gems/ruby-2.3.3/gems/actionpack-5.0.0.1/lib/action_dispatch/middleware/templates/rescues/_request_and_response.html.erb (0.9ms)
  Rendered /Users/bradflint/.rvm/gems/ruby-2.3.3/gems/actionpack-5.0.0.1/lib/action_dispatch/middleware/templates/rescues/diagnostics.html.erb within rescues/layout (72.7ms)
Started GET "/users/sign_up" for ::1 at 2016-12-16 14:33:55 -0700
Processing by Users::RegistrationsController#new as HTML
  Rendering users/registrations/new.html.erb within layouts/application
  Rendered users/shared/_links.html.erb (1.2ms)
  Rendered users/registrations/new.html.erb within layouts/application (8.0ms)
Completed 200 OK in 62ms (Views: 59.7ms | ActiveRecord: 0.0ms)


  [1m[36mActiveRecord::SchemaMigration Load (0.2ms)[0m  [1m[34mSELECT "schema_migrations".* FROM "schema_migrations"[0m
Migrating to CreateJobs (20161216213637)
  [1m[35m (0.1ms)[0m  [1m[36mbegin transaction[0m
  [1m[35m (0.5ms)[0m  [1m[35mCREATE TABLE "jobs" ("id" INTEGER PRIMARY KEY AUTOINCREMENT NOT NULL, "created_at" datetime NOT NULL, "updated_at" datetime NOT NULL)[0m
  [1m[35mSQL (0.3ms)[0m  [1m[32mINSERT INTO "schema_migrations" ("version") VALUES (?)[0m  [["version", "20161216213637"]]
  [1m[35m (2.2ms)[0m  [1m[36mcommit transaction[0m
Migrating to CreateBoatjobs (20161216214759)
  [1m[35m (0.1ms)[0m  [1m[36mbegin transaction[0m
  [1m[35m (0.6ms)[0m  [1m[35mCREATE TABLE "boatjobs" ("id" INTEGER PRIMARY KEY AUTOINCREMENT NOT NULL, "created_at" datetime NOT NULL, "updated_at" datetime NOT NULL)[0m
  [1m[35mSQL (0.2ms)[0m  [1m[32mINSERT INTO "schema_migrations" ("version") VALUES (?)[0m  [["version", "20161216214759"]]
  [1m[35m (1.8ms)[0m  [1m[36mcommit transaction[0m
Migrating to AddUserToBoats (20161216215624)
  [1m[35m (0.1ms)[0m  [1m[36mbegin transaction[0m
  [1m[35m (0.5ms)[0m  [1m[35mALTER TABLE "boats" ADD "user_id" integer[0m
  [1m[35m (0.1ms)[0m  [1m[34mselect sqlite_version(*)[0m
  [1m[35m (1.2ms)[0m  [1m[35mCREATE  INDEX "index_boats_on_user_id" ON "boats" ("user_id")[0m
  [1m[35mSQL (0.2ms)[0m  [1m[32mINSERT INTO "schema_migrations" ("version") VALUES (?)[0m  [["version", "20161216215624"]]
  [1m[35m (1.6ms)[0m  [1m[36mcommit transaction[0m
Migrating to AddJobToBoatjobs (20161216220036)
  [1m[35m (0.1ms)[0m  [1m[36mbegin transaction[0m
  [1m[35m (0.5ms)[0m  [1m[35mALTER TABLE "boatjobs" ADD "job_id" integer[0m
  [1m[35m (0.3ms)[0m  [1m[35mCREATE  INDEX "index_boatjobs_on_job_id" ON "boatjobs" ("job_id")[0m
  [1m[35mSQL (0.2ms)[0m  [1m[32mINSERT INTO "schema_migrations" ("version") VALUES (?)[0m  [["version", "20161216220036"]]
  [1m[35m (1.5ms)[0m  [1m[36mcommit transaction[0m
Migrating to AddBoatToBoatjobs (20161216220053)
  [1m[35m (0.1ms)[0m  [1m[36mbegin transaction[0m
  [1m[35m (0.4ms)[0m  [1m[35mALTER TABLE "boatjobs" ADD "boat_id" integer[0m
  [1m[35m (0.1ms)[0m  [1m[34m            SELECT sql
            FROM sqlite_master
            WHERE name='index_boatjobs_on_job_id' AND type='index'
            UNION ALL
            SELECT sql
            FROM sqlite_temp_master
            WHERE name='index_boatjobs_on_job_id' AND type='index'
[0m
  [1m[35m (0.2ms)[0m  [1m[35mCREATE  INDEX "index_boatjobs_on_boat_id" ON "boatjobs" ("boat_id")[0m
  [1m[35mSQL (0.5ms)[0m  [1m[32mINSERT INTO "schema_migrations" ("version") VALUES (?)[0m  [["version", "20161216220053"]]
  [1m[35m (7.7ms)[0m  [1m[36mcommit transaction[0m
  [1m[36mActiveRecord::InternalMetadata Load (0.2ms)[0m  [1m[34mSELECT  "ar_internal_metadata".* FROM "ar_internal_metadata" WHERE "ar_internal_metadata"."key" = ? LIMIT ?[0m  [["key", :environment], ["LIMIT", 1]]
  [1m[35m (0.1ms)[0m  [1m[36mbegin transaction[0m
  [1m[35m (0.1ms)[0m  [1m[36mcommit transaction[0m
  [1m[36mActiveRecord::SchemaMigration Load (0.1ms)[0m  [1m[34mSELECT "schema_migrations".* FROM "schema_migrations"[0m
  [1m[35m (0.1ms)[0m  [1m[34m            SELECT sql
            FROM sqlite_master
            WHERE name='index_boatjobs_on_boat_id' AND type='index'
            UNION ALL
            SELECT sql
            FROM sqlite_temp_master
            WHERE name='index_boatjobs_on_boat_id' AND type='index'
[0m
  [1m[35m (0.1ms)[0m  [1m[34m            SELECT sql
            FROM sqlite_master
            WHERE name='index_boatjobs_on_job_id' AND type='index'
            UNION ALL
            SELECT sql
            FROM sqlite_temp_master
            WHERE name='index_boatjobs_on_job_id' AND type='index'
[0m
  [1m[35m (0.1ms)[0m  [1m[34m            SELECT sql
            FROM sqlite_master
            WHERE name='index_boats_on_user_id' AND type='index'
            UNION ALL
            SELECT sql
            FROM sqlite_temp_master
            WHERE name='index_boats_on_user_id' AND type='index'
[0m
  [1m[35m (0.1ms)[0m  [1m[34m            SELECT sql
            FROM sqlite_master
            WHERE name='index_users_on_reset_password_token' AND type='index'
            UNION ALL
            SELECT sql
            FROM sqlite_temp_master
            WHERE name='index_users_on_reset_password_token' AND type='index'
[0m
  [1m[35m (0.1ms)[0m  [1m[34m            SELECT sql
            FROM sqlite_master
            WHERE name='index_users_on_email' AND type='index'
            UNION ALL
            SELECT sql
            FROM sqlite_temp_master
            WHERE name='index_users_on_email' AND type='index'
[0m
  [1m[35m (0.1ms)[0m  [1m[34m            SELECT sql
            FROM sqlite_master
            WHERE name='index_views_on_reset_password_token' AND type='index'
            UNION ALL
            SELECT sql
            FROM sqlite_temp_master
            WHERE name='index_views_on_reset_password_token' AND type='index'
[0m
  [1m[35m (0.1ms)[0m  [1m[34m            SELECT sql
            FROM sqlite_master
            WHERE name='index_views_on_email' AND type='index'
            UNION ALL
            SELECT sql
            FROM sqlite_temp_master
            WHERE name='index_views_on_email' AND type='index'
[0m
Started GET "/users/sign_up" for ::1 at 2016-12-16 15:02:53 -0700
  [1m[36mActiveRecord::SchemaMigration Load (0.1ms)[0m  [1m[34mSELECT "schema_migrations".* FROM "schema_migrations"[0m
Processing by Users::RegistrationsController#new as HTML
  Rendering users/registrations/new.html.erb within layouts/application
  Rendered users/shared/_links.html.erb (1.7ms)
  Rendered users/registrations/new.html.erb within layouts/application (65.2ms)
Completed 200 OK in 562ms (Views: 535.7ms | ActiveRecord: 0.7ms)


Started POST "/users" for ::1 at 2016-12-16 15:03:11 -0700
Processing by Users::RegistrationsController#create as HTML
  Parameters: {"utf8"=>"✓", "authenticity_token"=>"ERDkrbyY8Hj2ejmDjENslKD1TNlZqy45X0SW69U4JlT7iuTOsbslsQ7K52K3DUhaXdrvwFRFpADe9G5Q5hv5cA==", "user"=>{"fname"=>"brad", "lname"=>"flint", "email"=>"brad@gmail", "password"=>"[FILTERED]", "password_confirmation"=>"[FILTERED]"}, "commit"=>"Sign up"}
Unpermitted parameters: fname, lname
  [1m[35m (0.2ms)[0m  [1m[36mbegin transaction[0m
  [1m[36mUser Exists (1.4ms)[0m  [1m[34mSELECT  1 AS one FROM "users" WHERE "users"."email" = ? LIMIT ?[0m  [["email", "brad@gmail"], ["LIMIT", 1]]
  [1m[35mSQL (2.4ms)[0m  [1m[32mINSERT INTO "users" ("email", "encrypted_password", "created_at", "updated_at") VALUES (?, ?, ?, ?)[0m  [["email", "brad@gmail"], ["encrypted_password", "$2a$11$khDUctJR1iqVXw5iItoCCuohTcaX8MMdlYDofrMV3mXXbCtVF40pG"], ["created_at", 2016-12-16 22:03:11 UTC], ["updated_at", 2016-12-16 22:03:11 UTC]]
  [1m[35m (2.1ms)[0m  [1m[36mcommit transaction[0m
  [1m[35m (0.1ms)[0m  [1m[36mbegin transaction[0m
  [1m[35mSQL (0.4ms)[0m  [1m[33mUPDATE "users" SET "sign_in_count" = ?, "current_sign_in_at" = ?, "last_sign_in_at" = ?, "current_sign_in_ip" = ?, "last_sign_in_ip" = ?, "updated_at" = ? WHERE "users"."id" = ?[0m  [["sign_in_count", 1], ["current_sign_in_at", 2016-12-16 22:03:11 UTC], ["last_sign_in_at", 2016-12-16 22:03:11 UTC], ["current_sign_in_ip", "::1"], ["last_sign_in_ip", "::1"], ["updated_at", 2016-12-16 22:03:11 UTC], ["id", 1]]
  [1m[35m (1.6ms)[0m  [1m[36mcommit transaction[0m
Redirected to http://localhost:3000/
Completed 302 Found in 256ms (ActiveRecord: 8.1ms)


Started GET "/" for ::1 at 2016-12-16 15:03:11 -0700
Processing by HomeController#index as HTML
  Rendering home/index.html.erb within layouts/application
  Rendered home/index.html.erb within layouts/application (0.3ms)
  [1m[36mUser Load (0.6ms)[0m  [1m[34mSELECT  "users".* FROM "users" WHERE "users"."id" = ? ORDER BY "users"."id" ASC LIMIT ?[0m  [["id", 1], ["LIMIT", 1]]
Completed 200 OK in 35ms (Views: 31.8ms | ActiveRecord: 0.6ms)


Started GET "/users/edit" for ::1 at 2016-12-16 15:03:14 -0700
Processing by Users::RegistrationsController#edit as HTML
  [1m[36mUser Load (0.3ms)[0m  [1m[34mSELECT  "users".* FROM "users" WHERE "users"."id" = ? ORDER BY "users"."id" ASC LIMIT ?[0m  [["id", 1], ["LIMIT", 1]]
  Rendering users/registrations/edit.html.erb within layouts/application
  Rendered users/registrations/edit.html.erb within layouts/application (5.2ms)
Completed 200 OK in 57ms (Views: 53.5ms | ActiveRecord: 0.3ms)


Started DELETE "/users/sign_out" for ::1 at 2016-12-16 15:03:26 -0700
Processing by Users::SessionsController#destroy as HTML
  Parameters: {"authenticity_token"=>"JSVkVbYrEpZGDtEtRl2hCx4DKyX4WN0qQ33+BC1PRUXPv2Q2uwjHX76+D8x9E4XF4yyIPPW2VxPCzQa/HmyaYQ=="}
  [1m[36mUser Load (0.2ms)[0m  [1m[34mSELECT  "users".* FROM "users" WHERE "users"."id" = ? ORDER BY "users"."id" ASC LIMIT ?[0m  [["id", 1], ["LIMIT", 1]]
  [1m[35m (0.1ms)[0m  [1m[36mbegin transaction[0m
  [1m[35m (0.1ms)[0m  [1m[36mcommit transaction[0m
Redirected to http://localhost:3000/
Completed 302 Found in 9ms (ActiveRecord: 0.3ms)


Started GET "/" for ::1 at 2016-12-16 15:03:26 -0700
Processing by HomeController#index as HTML
  Rendering home/index.html.erb within layouts/application
  Rendered home/index.html.erb within layouts/application (0.5ms)
Completed 200 OK in 55ms (Views: 53.4ms | ActiveRecord: 0.0ms)


Started GET "/users/sign_in" for ::1 at 2016-12-16 15:03:28 -0700
Processing by Users::SessionsController#new as HTML
  Rendering users/sessions/new.html.erb within layouts/application
  Rendered users/shared/_links.html.erb (3.1ms)
  Rendered users/sessions/new.html.erb within layouts/application (16.2ms)
Completed 200 OK in 61ms (Views: 59.1ms | ActiveRecord: 0.0ms)


Started POST "/users/sign_in" for ::1 at 2016-12-16 15:03:39 -0700
Processing by Users::SessionsController#create as HTML
  Parameters: {"utf8"=>"✓", "authenticity_token"=>"4vhhLiTCQS2gnoBE2ZVv5il/SxbxAN1PvC3g6eLW93ovc0GyVZTpNPs7Hy2DUUiQlrLb/YFWUCRrGA5JmsBEKg==", "user"=>{"email"=>"brad@gmail", "password"=>"[FILTERED]", "remember_me"=>"1"}, "commit"=>"Log in"}
  [1m[36mUser Load (0.2ms)[0m  [1m[34mSELECT  "users".* FROM "users" WHERE "users"."email" = ? ORDER BY "users"."id" ASC LIMIT ?[0m  [["email", "brad@gmail"], ["LIMIT", 1]]
  [1m[35m (0.1ms)[0m  [1m[36mbegin transaction[0m
  [1m[35mSQL (0.3ms)[0m  [1m[33mUPDATE "users" SET "remember_created_at" = ?, "updated_at" = ? WHERE "users"."id" = ?[0m  [["remember_created_at", 2016-12-16 22:03:39 UTC], ["updated_at", 2016-12-16 22:03:39 UTC], ["id", 1]]
  [1m[35m (1.5ms)[0m  [1m[36mcommit transaction[0m
  [1m[35m (0.1ms)[0m  [1m[36mbegin transaction[0m
  [1m[35mSQL (0.4ms)[0m  [1m[33mUPDATE "users" SET "sign_in_count" = ?, "current_sign_in_at" = ?, "updated_at" = ? WHERE "users"."id" = ?[0m  [["sign_in_count", 2], ["current_sign_in_at", 2016-12-16 22:03:39 UTC], ["updated_at", 2016-12-16 22:03:39 UTC], ["id", 1]]
  [1m[35m (1.7ms)[0m  [1m[36mcommit transaction[0m
Redirected to http://localhost:3000/
Completed 302 Found in 195ms (ActiveRecord: 4.2ms)


Started GET "/" for ::1 at 2016-12-16 15:03:39 -0700
Processing by HomeController#index as HTML
  Rendering home/index.html.erb within layouts/application
  Rendered home/index.html.erb within layouts/application (0.5ms)
  [1m[36mUser Load (0.3ms)[0m  [1m[34mSELECT  "users".* FROM "users" WHERE "users"."id" = ? ORDER BY "users"."id" ASC LIMIT ?[0m  [["id", 1], ["LIMIT", 1]]
Completed 200 OK in 28ms (Views: 26.2ms | ActiveRecord: 0.3ms)


Started DELETE "/users/sign_out" for ::1 at 2016-12-16 15:03:41 -0700
Processing by Users::SessionsController#destroy as HTML
  Parameters: {"authenticity_token"=>"GraQTsybeIVd9/PKwTw7fUbqvVS2XMl8iVuG3L4jyOQrTsE5WuYQVfhwJKudDHvtmozYSy4E4hHLZhXnrilIag=="}
  [1m[36mUser Load (0.2ms)[0m  [1m[34mSELECT  "users".* FROM "users" WHERE "users"."id" = ? ORDER BY "users"."id" ASC LIMIT ?[0m  [["id", 1], ["LIMIT", 1]]
  [1m[35m (0.1ms)[0m  [1m[36mbegin transaction[0m
  [1m[35mSQL (0.3ms)[0m  [1m[33mUPDATE "users" SET "remember_created_at" = ?, "updated_at" = ? WHERE "users"."id" = ?[0m  [["remember_created_at", nil], ["updated_at", 2016-12-16 22:03:41 UTC], ["id", 1]]
  [1m[35m (1.6ms)[0m  [1m[36mcommit transaction[0m
Redirected to http://localhost:3000/
Completed 302 Found in 9ms (ActiveRecord: 2.3ms)


Started GET "/" for ::1 at 2016-12-16 15:03:41 -0700
Processing by HomeController#index as HTML
  Rendering home/index.html.erb within layouts/application
  Rendered home/index.html.erb within layouts/application (0.3ms)
Completed 200 OK in 50ms (Views: 47.4ms | ActiveRecord: 0.0ms)


Started GET "/users/sign_in" for ::1 at 2016-12-16 15:03:44 -0700
Processing by Users::SessionsController#new as HTML
  Rendering users/sessions/new.html.erb within layouts/application
  Rendered users/shared/_links.html.erb (1.6ms)
  Rendered users/sessions/new.html.erb within layouts/application (6.0ms)
Completed 200 OK in 52ms (Views: 48.5ms | ActiveRecord: 0.0ms)


  [1m[36mUser Load (0.5ms)[0m  [1m[34mSELECT  "users".* FROM "users" ORDER BY "users"."id" DESC LIMIT ?[0m  [["LIMIT", 1]]
